[2017-02-19 14:08:53.340] [INFO] pomelo - [32m[/project/pomelo-project/landserver/game-server/node_modules/pomelo/lib/application.js] [39mapplication inited: "connector-server-1"
[2017-02-19 14:08:53.643] [INFO] pomelo - [32m[/project/pomelo-project/landserver/game-server/node_modules/pomelo/lib/application.js] [39m"connector-server-1" enter after start...
[2017-02-19 14:08:53.646] [INFO] pomelo - [32m[/project/pomelo-project/landserver/game-server/node_modules/pomelo/lib/application.js] [39m"connector-server-1" finish start
[2017-02-19 14:08:53.646] [INFO] pomelo - [32m[/project/pomelo-project/landserver/game-server/node_modules/pomelo/lib/application.js] [39m"connector-server-1" startup in 235 ms
[2017-02-19 14:09:39.514] [DEBUG] pomelo - [36m[/project/pomelo-project/landserver/game-server/node_modules/pomelo/lib/components/connector.js] [39m[connector-server-1] getSession session is created with session id: 1
[2017-02-19 14:09:39.528] [DEBUG] pomelo - [36m[/project/pomelo-project/landserver/game-server/node_modules/pomelo/lib/components/connector.js] [39m[connector-server-1] handleMessage session id: 1, msg: {"id":1,"type":0,"compressRoute":0,"route":"connector.entryHandler.entry","body":"hello pomelo","compressGzip":0}
[2017-02-19 14:09:39.532] [DEBUG] pomelo - [36m[/project/pomelo-project/landserver/game-server/node_modules/pomelo/lib/components/connector.js] [39m[connector-server-1] send message reqId: 1, route: connector.entryHandler.entry, msg: {"code":200,"msg":"game server is ok."}, receivers: [1], opts: {"type":"response","userOptions":{},"isResponse":true}
[2017-02-19 14:09:42.982] [DEBUG] pomelo - [36m[/project/pomelo-project/landserver/game-server/node_modules/pomelo/lib/common/service/sessionService.js] [39msession on [connector-server-1] is closed with session id: 1
[2017-02-20 21:07:43.132] [INFO] pomelo - [32m[/project/pomelo-project/landserver/game-server/node_modules/pomelo/lib/application.js] [39mapplication inited: "connector-server-1"
[2017-02-20 21:07:43.455] [INFO] pomelo - [32m[/project/pomelo-project/landserver/game-server/node_modules/pomelo/lib/application.js] [39m"connector-server-1" enter after start...
[2017-02-20 21:07:43.458] [INFO] pomelo - [32m[/project/pomelo-project/landserver/game-server/node_modules/pomelo/lib/application.js] [39m"connector-server-1" finish start
[2017-02-20 21:07:43.458] [INFO] pomelo - [32m[/project/pomelo-project/landserver/game-server/node_modules/pomelo/lib/application.js] [39m"connector-server-1" startup in 250 ms
[2017-02-20 21:08:06.325] [DEBUG] pomelo - [36m[/project/pomelo-project/landserver/game-server/node_modules/pomelo/lib/components/connector.js] [39m[connector-server-1] getSession session is created with session id: 1
[2017-02-20 21:08:06.340] [DEBUG] pomelo - [36m[/project/pomelo-project/landserver/game-server/node_modules/pomelo/lib/components/connector.js] [39m[connector-server-1] handleMessage session id: 1, msg: {"id":1,"type":0,"compressRoute":0,"route":"connector.entryHandler.entry","body":"hello pomelo","compressGzip":0}
[2017-02-20 21:08:06.344] [DEBUG] pomelo - [36m[/project/pomelo-project/landserver/game-server/node_modules/pomelo/lib/components/connector.js] [39m[connector-server-1] send message reqId: 1, route: connector.entryHandler.entry, msg: {"code":200,"msg":"game server is ok."}, receivers: [1], opts: {"type":"response","userOptions":{},"isResponse":true}
[2017-02-20 21:08:09.041] [DEBUG] pomelo - [36m[/project/pomelo-project/landserver/game-server/node_modules/pomelo/lib/common/service/sessionService.js] [39msession on [connector-server-1] is closed with session id: 1
[2017-02-20 21:28:48.438] [INFO] pomelo - [32m[/project/pomelo-project/landserver/game-server/node_modules/pomelo/lib/application.js] [39mapplication inited: "connector-server-1"
[2017-02-20 21:28:48.758] [INFO] pomelo - [32m[/project/pomelo-project/landserver/game-server/node_modules/pomelo/lib/application.js] [39m"connector-server-1" enter after start...
[2017-02-20 21:28:48.761] [INFO] pomelo - [32m[/project/pomelo-project/landserver/game-server/node_modules/pomelo/lib/application.js] [39m"connector-server-1" finish start
[2017-02-20 21:28:48.761] [INFO] pomelo - [32m[/project/pomelo-project/landserver/game-server/node_modules/pomelo/lib/application.js] [39m"connector-server-1" startup in 253 ms
[2017-02-20 21:30:11.755] [INFO] pomelo - [32m[/project/pomelo-project/landserver/game-server/node_modules/pomelo/lib/application.js] [39mapplication inited: "connector-server-1"
[2017-02-20 21:30:12.123] [INFO] pomelo - [32m[/project/pomelo-project/landserver/game-server/node_modules/pomelo/lib/application.js] [39m"connector-server-1" enter after start...
[2017-02-20 21:30:12.128] [INFO] pomelo - [32m[/project/pomelo-project/landserver/game-server/node_modules/pomelo/lib/application.js] [39m"connector-server-1" finish start
[2017-02-20 21:30:12.128] [INFO] pomelo - [32m[/project/pomelo-project/landserver/game-server/node_modules/pomelo/lib/application.js] [39m"connector-server-1" startup in 294 ms
[2017-02-20 22:24:18.906] [INFO] pomelo - [32m[/project/pomelo-project/landserver/game-server/node_modules/pomelo/lib/application.js] [39mapplication inited: "connector-server-1"
[2017-02-20 22:24:19.282] [INFO] pomelo - [32m[/project/pomelo-project/landserver/game-server/node_modules/pomelo/lib/application.js] [39m"connector-server-1" enter after start...
[2017-02-20 22:24:19.286] [INFO] pomelo - [32m[/project/pomelo-project/landserver/game-server/node_modules/pomelo/lib/application.js] [39m"connector-server-1" finish start
[2017-02-20 22:24:19.286] [INFO] pomelo - [32m[/project/pomelo-project/landserver/game-server/node_modules/pomelo/lib/application.js] [39m"connector-server-1" startup in 282 ms
[2017-02-20 23:19:56.962] [INFO] pomelo - [32m[/project/pomelo-project/landserver/game-server/node_modules/pomelo/lib/application.js] [39mapplication inited: "connector-server-1"
[2017-02-20 23:19:57.317] [INFO] pomelo - [32m[/project/pomelo-project/landserver/game-server/node_modules/pomelo/lib/application.js] [39m"connector-server-1" enter after start...
[2017-02-20 23:19:57.321] [INFO] pomelo - [32m[/project/pomelo-project/landserver/game-server/node_modules/pomelo/lib/application.js] [39m"connector-server-1" finish start
[2017-02-20 23:19:57.321] [INFO] pomelo - [32m[/project/pomelo-project/landserver/game-server/node_modules/pomelo/lib/application.js] [39m"connector-server-1" startup in 279 ms
[2017-02-20 23:20:58.756] [INFO] pomelo - [32m[/project/pomelo-project/landserver/game-server/node_modules/pomelo/lib/application.js] [39mapplication inited: "connector-server-1"
[2017-02-20 23:20:59.088] [INFO] pomelo - [32m[/project/pomelo-project/landserver/game-server/node_modules/pomelo/lib/application.js] [39m"connector-server-1" enter after start...
[2017-02-20 23:20:59.092] [INFO] pomelo - [32m[/project/pomelo-project/landserver/game-server/node_modules/pomelo/lib/application.js] [39m"connector-server-1" finish start
[2017-02-20 23:20:59.093] [INFO] pomelo - [32m[/project/pomelo-project/landserver/game-server/node_modules/pomelo/lib/application.js] [39m"connector-server-1" startup in 261 ms
[2017-02-20 23:22:38.975] [INFO] pomelo - [32m[/project/pomelo-project/landserver/game-server/node_modules/pomelo/lib/application.js] [39mapplication inited: "connector-server-1"
[2017-02-20 23:22:39.302] [INFO] pomelo - [32m[/project/pomelo-project/landserver/game-server/node_modules/pomelo/lib/application.js] [39m"connector-server-1" enter after start...
[2017-02-20 23:22:39.305] [INFO] pomelo - [32m[/project/pomelo-project/landserver/game-server/node_modules/pomelo/lib/application.js] [39m"connector-server-1" finish start
[2017-02-20 23:22:39.305] [INFO] pomelo - [32m[/project/pomelo-project/landserver/game-server/node_modules/pomelo/lib/application.js] [39m"connector-server-1" startup in 257 ms
[2017-02-20 23:25:37.250] [DEBUG] pomelo - [36m[/project/pomelo-project/landserver/game-server/node_modules/pomelo/lib/components/connector.js] [39m[connector-server-1] getSession session is created with session id: 1
[2017-02-20 23:26:45.995] [DEBUG] pomelo - [36m[/project/pomelo-project/landserver/game-server/node_modules/pomelo/lib/common/service/sessionService.js] [39msession on [connector-server-1] is closed with session id: 1
[2017-02-20 23:27:30.112] [DEBUG] pomelo - [36m[/project/pomelo-project/landserver/game-server/node_modules/pomelo/lib/components/connector.js] [39m[connector-server-1] getSession session is created with session id: 2
[2017-02-20 23:27:59.042] [DEBUG] pomelo - [36m[/project/pomelo-project/landserver/game-server/node_modules/pomelo/lib/common/service/sessionService.js] [39msession on [connector-server-1] is closed with session id: 2
[2017-02-20 23:28:02.030] [DEBUG] pomelo - [36m[/project/pomelo-project/landserver/game-server/node_modules/pomelo/lib/components/connector.js] [39m[connector-server-1] getSession session is created with session id: 3
[2017-02-20 23:28:21.287] [DEBUG] pomelo - [36m[/project/pomelo-project/landserver/game-server/node_modules/pomelo/lib/common/service/sessionService.js] [39msession on [connector-server-1] is closed with session id: 3
[2017-02-20 23:42:27.098] [DEBUG] pomelo - [36m[/project/pomelo-project/landserver/game-server/node_modules/pomelo/lib/components/connector.js] [39m[connector-server-1] getSession session is created with session id: 4
[2017-02-20 23:42:27.117] [DEBUG] pomelo - [36m[/project/pomelo-project/landserver/game-server/node_modules/pomelo/lib/components/connector.js] [39m[connector-server-1] handleMessage session id: 4, msg: {"id":1,"type":0,"compressRoute":0,"route":"connector.entryHandler.entry","body":"hello pomelo","compressGzip":0}
[2017-02-20 23:44:45.352] [DEBUG] pomelo - [36m[/project/pomelo-project/landserver/game-server/node_modules/pomelo/lib/components/connector.js] [39m[connector-server-1] getSession session is created with session id: 5
[2017-02-20 23:44:58.254] [DEBUG] pomelo - [36m[/project/pomelo-project/landserver/game-server/node_modules/pomelo/lib/common/service/sessionService.js] [39msession on [connector-server-1] is closed with session id: 5
[2017-02-20 23:44:59.597] [DEBUG] pomelo - [36m[/project/pomelo-project/landserver/game-server/node_modules/pomelo/lib/components/connector.js] [39m[connector-server-1] getSession session is created with session id: 6
[2017-02-20 23:45:40.761] [DEBUG] pomelo - [36m[/project/pomelo-project/landserver/game-server/node_modules/pomelo/lib/common/service/sessionService.js] [39msession on [connector-server-1] is closed with session id: 6
[2017-02-20 23:47:40.500] [DEBUG] pomelo - [36m[/project/pomelo-project/landserver/game-server/node_modules/pomelo/lib/components/connector.js] [39m[connector-server-1] getSession session is created with session id: 7
[2017-02-20 23:50:04.631] [DEBUG] pomelo - [36m[/project/pomelo-project/landserver/game-server/node_modules/pomelo/lib/common/service/sessionService.js] [39msession on [connector-server-1] is closed with session id: 7
[2017-02-21 00:22:48.671] [DEBUG] pomelo - [36m[/project/pomelo-project/landserver/game-server/node_modules/pomelo/lib/components/connector.js] [39m[connector-server-1] getSession session is created with session id: 8
[2017-02-21 00:22:48.719] [DEBUG] pomelo - [36m[/project/pomelo-project/landserver/game-server/node_modules/pomelo/lib/components/connector.js] [39m[connector-server-1] handleMessage session id: 8, msg: {"id":1,"type":0,"compressRoute":1,"route":"connector.entryHandler.entry","body":{"name":"hello"},"compressGzip":0}
[2017-02-21 00:24:16.795] [DEBUG] pomelo - [36m[/project/pomelo-project/landserver/game-server/node_modules/pomelo/lib/common/service/sessionService.js] [39msession on [connector-server-1] is closed with session id: 8
[2017-02-21 22:34:20.454] [DEBUG] pomelo - [36m[/project/pomelo-project/landserver/game-server/node_modules/pomelo/lib/components/connector.js] [39m[connector-server-1] getSession session is created with session id: 9
[2017-02-21 22:34:20.504] [DEBUG] pomelo - [36m[/project/pomelo-project/landserver/game-server/node_modules/pomelo/lib/components/connector.js] [39m[connector-server-1] handleMessage session id: 9, msg: {"id":1,"type":0,"compressRoute":1,"route":"connector.entryHandler.entry","body":{"name":"hello"},"compressGzip":0}
[2017-02-21 22:36:28.021] [DEBUG] pomelo - [36m[/project/pomelo-project/landserver/game-server/node_modules/pomelo/lib/common/service/sessionService.js] [39msession on [connector-server-1] is closed with session id: 9
[2017-02-21 22:37:32.999] [INFO] pomelo - [32m[/project/pomelo-project/landserver/game-server/node_modules/pomelo/lib/application.js] [39mapplication inited: "connector-server-1"
[2017-02-21 22:37:33.338] [INFO] pomelo - [32m[/project/pomelo-project/landserver/game-server/node_modules/pomelo/lib/application.js] [39m"connector-server-1" enter after start...
[2017-02-21 22:37:33.342] [INFO] pomelo - [32m[/project/pomelo-project/landserver/game-server/node_modules/pomelo/lib/application.js] [39m"connector-server-1" finish start
[2017-02-21 22:37:33.342] [INFO] pomelo - [32m[/project/pomelo-project/landserver/game-server/node_modules/pomelo/lib/application.js] [39m"connector-server-1" startup in 265 ms
[2017-02-21 22:37:45.266] [DEBUG] pomelo - [36m[/project/pomelo-project/landserver/game-server/node_modules/pomelo/lib/components/connector.js] [39m[connector-server-1] getSession session is created with session id: 1
[2017-02-21 22:37:45.314] [DEBUG] pomelo - [36m[/project/pomelo-project/landserver/game-server/node_modules/pomelo/lib/components/connector.js] [39m[connector-server-1] handleMessage session id: 1, msg: {"id":1,"type":0,"compressRoute":1,"route":"connector.entryHandler.entry","body":{"name":"hello"},"compressGzip":0}
[2017-02-21 22:40:20.398] [DEBUG] pomelo - [36m[/project/pomelo-project/landserver/game-server/node_modules/pomelo/lib/common/service/sessionService.js] [39msession on [connector-server-1] is closed with session id: 1
[2017-02-21 23:24:51.066] [INFO] pomelo - [32m[/project/pomelo-project/landserver/game-server/node_modules/pomelo/lib/application.js] [39mapplication inited: "connector-server-1"
[2017-02-21 23:24:51.386] [INFO] pomelo - [32m[/project/pomelo-project/landserver/game-server/node_modules/pomelo/lib/application.js] [39m"connector-server-1" enter after start...
[2017-02-21 23:24:51.389] [INFO] pomelo - [32m[/project/pomelo-project/landserver/game-server/node_modules/pomelo/lib/application.js] [39m"connector-server-1" finish start
[2017-02-21 23:24:51.390] [INFO] pomelo - [32m[/project/pomelo-project/landserver/game-server/node_modules/pomelo/lib/application.js] [39m"connector-server-1" startup in 255 ms
[2017-02-21 23:25:07.752] [DEBUG] pomelo - [36m[/project/pomelo-project/landserver/game-server/node_modules/pomelo/lib/components/connector.js] [39m[connector-server-1] getSession session is created with session id: 1
[2017-02-21 23:25:07.804] [DEBUG] pomelo - [36m[/project/pomelo-project/landserver/game-server/node_modules/pomelo/lib/components/connector.js] [39m[connector-server-1] handleMessage session id: 1, msg: {"id":1,"type":0,"compressRoute":1,"route":"connector.entryHandler.entry","body":{"name":"hello"},"compressGzip":0}
[2017-02-21 23:25:10.786] [DEBUG] pomelo - [36m[/project/pomelo-project/landserver/game-server/node_modules/pomelo/lib/components/connector.js] [39m[connector-server-1] handleMessage session id: 1, msg: {"id":1,"type":0,"compressRoute":1,"route":"connector.entryHandler.entry","body":{"name":"hello"},"compressGzip":0}
[2017-02-21 23:25:13.784] [DEBUG] pomelo - [36m[/project/pomelo-project/landserver/game-server/node_modules/pomelo/lib/components/connector.js] [39m[connector-server-1] handleMessage session id: 1, msg: {"id":1,"type":0,"compressRoute":1,"route":"connector.entryHandler.entry","body":{"name":"hello"},"compressGzip":0}
[2017-02-21 23:25:16.787] [DEBUG] pomelo - [36m[/project/pomelo-project/landserver/game-server/node_modules/pomelo/lib/common/service/sessionService.js] [39msession on [connector-server-1] is closed with session id: 1
[2017-02-21 23:26:20.412] [INFO] pomelo - [32m[/project/pomelo-project/landserver/game-server/node_modules/pomelo/lib/application.js] [39mapplication inited: "connector-server-1"
[2017-02-21 23:26:20.685] [INFO] pomelo - [32m[/project/pomelo-project/landserver/game-server/node_modules/pomelo/lib/application.js] [39m"connector-server-1" enter after start...
[2017-02-21 23:26:20.688] [INFO] pomelo - [32m[/project/pomelo-project/landserver/game-server/node_modules/pomelo/lib/application.js] [39m"connector-server-1" finish start
[2017-02-21 23:26:20.688] [INFO] pomelo - [32m[/project/pomelo-project/landserver/game-server/node_modules/pomelo/lib/application.js] [39m"connector-server-1" startup in 224 ms
[2017-02-21 23:26:29.661] [DEBUG] pomelo - [36m[/project/pomelo-project/landserver/game-server/node_modules/pomelo/lib/components/connector.js] [39m[connector-server-1] getSession session is created with session id: 1
[2017-02-21 23:26:29.712] [DEBUG] pomelo - [36m[/project/pomelo-project/landserver/game-server/node_modules/pomelo/lib/components/connector.js] [39m[connector-server-1] handleMessage session id: 1, msg: {"id":1,"type":0,"compressRoute":1,"route":"connector.entryHandler.entry","body":{"name":"hello"},"compressGzip":0}
[2017-02-21 23:26:32.697] [DEBUG] pomelo - [36m[/project/pomelo-project/landserver/game-server/node_modules/pomelo/lib/components/connector.js] [39m[connector-server-1] handleMessage session id: 1, msg: {"id":1,"type":0,"compressRoute":1,"route":"connector.entryHandler.entry","body":{"name":"hello"},"compressGzip":0}
[2017-02-21 23:26:35.697] [DEBUG] pomelo - [36m[/project/pomelo-project/landserver/game-server/node_modules/pomelo/lib/components/connector.js] [39m[connector-server-1] handleMessage session id: 1, msg: {"id":1,"type":0,"compressRoute":1,"route":"connector.entryHandler.entry","body":{"name":"hello"},"compressGzip":0}
[2017-02-21 23:26:38.700] [DEBUG] pomelo - [36m[/project/pomelo-project/landserver/game-server/node_modules/pomelo/lib/common/service/sessionService.js] [39msession on [connector-server-1] is closed with session id: 1
[2017-02-21 23:45:27.943] [INFO] pomelo - [32m[/project/pomelo-project/landserver/game-server/node_modules/pomelo/lib/application.js] [39mapplication inited: "connector-server-1"
[2017-02-21 23:45:28.260] [INFO] pomelo - [32m[/project/pomelo-project/landserver/game-server/node_modules/pomelo/lib/application.js] [39m"connector-server-1" enter after start...
[2017-02-21 23:45:28.263] [INFO] pomelo - [32m[/project/pomelo-project/landserver/game-server/node_modules/pomelo/lib/application.js] [39m"connector-server-1" finish start
[2017-02-21 23:45:28.263] [INFO] pomelo - [32m[/project/pomelo-project/landserver/game-server/node_modules/pomelo/lib/application.js] [39m"connector-server-1" startup in 244 ms
[2017-02-21 23:45:39.257] [DEBUG] pomelo - [36m[/project/pomelo-project/landserver/game-server/node_modules/pomelo/lib/components/connector.js] [39m[connector-server-1] getSession session is created with session id: 1
[2017-02-21 23:45:39.309] [DEBUG] pomelo - [36m[/project/pomelo-project/landserver/game-server/node_modules/pomelo/lib/components/connector.js] [39m[connector-server-1] handleMessage session id: 1, msg: {"id":1,"type":0,"compressRoute":1,"route":"connector.entryHandler.entry","body":{"name":"hello"},"compressGzip":0}
[2017-02-21 23:47:39.691] [DEBUG] pomelo - [36m[/project/pomelo-project/landserver/game-server/node_modules/pomelo/lib/common/service/sessionService.js] [39msession on [connector-server-1] is closed with session id: 1
[2017-02-21 23:50:52.154] [INFO] pomelo - [32m[/project/pomelo-project/landserver/game-server/node_modules/pomelo/lib/application.js] [39mapplication inited: "connector-server-1"
[2017-02-21 23:50:52.490] [INFO] pomelo - [32m[/project/pomelo-project/landserver/game-server/node_modules/pomelo/lib/application.js] [39m"connector-server-1" enter after start...
[2017-02-21 23:50:52.495] [INFO] pomelo - [32m[/project/pomelo-project/landserver/game-server/node_modules/pomelo/lib/application.js] [39m"connector-server-1" finish start
[2017-02-21 23:50:52.496] [INFO] pomelo - [32m[/project/pomelo-project/landserver/game-server/node_modules/pomelo/lib/application.js] [39m"connector-server-1" startup in 267 ms
[2017-02-21 23:52:21.643] [INFO] pomelo - [32m[/project/pomelo-project/landserver/game-server/node_modules/pomelo/lib/application.js] [39mapplication inited: "connector-server-1"
[2017-02-21 23:52:22.001] [INFO] pomelo - [32m[/project/pomelo-project/landserver/game-server/node_modules/pomelo/lib/application.js] [39m"connector-server-1" enter after start...
[2017-02-21 23:52:22.005] [INFO] pomelo - [32m[/project/pomelo-project/landserver/game-server/node_modules/pomelo/lib/application.js] [39m"connector-server-1" finish start
[2017-02-21 23:52:22.005] [INFO] pomelo - [32m[/project/pomelo-project/landserver/game-server/node_modules/pomelo/lib/application.js] [39m"connector-server-1" startup in 284 ms
[2017-02-21 23:52:29.223] [DEBUG] pomelo - [36m[/project/pomelo-project/landserver/game-server/node_modules/pomelo/lib/components/connector.js] [39m[connector-server-1] getSession session is created with session id: 1
[2017-02-21 23:52:29.282] [DEBUG] pomelo - [36m[/project/pomelo-project/landserver/game-server/node_modules/pomelo/lib/components/connector.js] [39m[connector-server-1] handleMessage session id: 1, msg: {"id":1,"type":0,"compressRoute":1,"route":"connector.entryHandler.entry","body":{"name":"hello"},"compressGzip":0}
[2017-02-21 23:54:53.903] [INFO] pomelo - [32m[/project/pomelo-project/landserver/game-server/node_modules/pomelo/lib/application.js] [39mapplication inited: "connector-server-1"
[2017-02-21 23:54:54.284] [INFO] pomelo - [32m[/project/pomelo-project/landserver/game-server/node_modules/pomelo/lib/application.js] [39m"connector-server-1" enter after start...
[2017-02-21 23:54:54.289] [INFO] pomelo - [32m[/project/pomelo-project/landserver/game-server/node_modules/pomelo/lib/application.js] [39m"connector-server-1" finish start
[2017-02-21 23:54:54.290] [INFO] pomelo - [32m[/project/pomelo-project/landserver/game-server/node_modules/pomelo/lib/application.js] [39m"connector-server-1" startup in 313 ms
[2017-02-21 23:55:03.158] [DEBUG] pomelo - [36m[/project/pomelo-project/landserver/game-server/node_modules/pomelo/lib/components/connector.js] [39m[connector-server-1] getSession session is created with session id: 1
[2017-02-21 23:55:03.209] [DEBUG] pomelo - [36m[/project/pomelo-project/landserver/game-server/node_modules/pomelo/lib/components/connector.js] [39m[connector-server-1] handleMessage session id: 1, msg: {"id":1,"type":0,"compressRoute":1,"route":"connector.entryHandler.entry","body":{"name":"hello"},"compressGzip":0}
[2017-02-21 23:57:19.712] [INFO] pomelo - [32m[/project/pomelo-project/landserver/game-server/node_modules/pomelo/lib/application.js] [39mapplication inited: "connector-server-1"
[2017-02-21 23:57:20.077] [INFO] pomelo - [32m[/project/pomelo-project/landserver/game-server/node_modules/pomelo/lib/application.js] [39m"connector-server-1" enter after start...
[2017-02-21 23:57:20.081] [INFO] pomelo - [32m[/project/pomelo-project/landserver/game-server/node_modules/pomelo/lib/application.js] [39m"connector-server-1" finish start
[2017-02-21 23:57:20.081] [INFO] pomelo - [32m[/project/pomelo-project/landserver/game-server/node_modules/pomelo/lib/application.js] [39m"connector-server-1" startup in 292 ms
[2017-02-21 23:57:27.533] [DEBUG] pomelo - [36m[/project/pomelo-project/landserver/game-server/node_modules/pomelo/lib/components/connector.js] [39m[connector-server-1] getSession session is created with session id: 1
[2017-02-21 23:57:27.587] [DEBUG] pomelo - [36m[/project/pomelo-project/landserver/game-server/node_modules/pomelo/lib/components/connector.js] [39m[connector-server-1] handleMessage session id: 1, msg: {"id":1,"type":0,"compressRoute":1,"route":"connector.entryHandler.entry","body":{"name":"hello"},"compressGzip":0}
[2017-02-22 00:00:11.767] [INFO] pomelo - [32m[/project/pomelo-project/landserver/game-server/node_modules/pomelo/lib/application.js] [39mapplication inited: "connector-server-1"
[2017-02-22 00:00:12.096] [INFO] pomelo - [32m[/project/pomelo-project/landserver/game-server/node_modules/pomelo/lib/application.js] [39m"connector-server-1" enter after start...
[2017-02-22 00:00:12.099] [INFO] pomelo - [32m[/project/pomelo-project/landserver/game-server/node_modules/pomelo/lib/application.js] [39m"connector-server-1" finish start
[2017-02-22 00:00:12.100] [INFO] pomelo - [32m[/project/pomelo-project/landserver/game-server/node_modules/pomelo/lib/application.js] [39m"connector-server-1" startup in 254 ms
[2017-02-22 00:00:18.444] [DEBUG] pomelo - [36m[/project/pomelo-project/landserver/game-server/node_modules/pomelo/lib/components/connector.js] [39m[connector-server-1] getSession session is created with session id: 1
[2017-02-22 00:00:18.493] [DEBUG] pomelo - [36m[/project/pomelo-project/landserver/game-server/node_modules/pomelo/lib/components/connector.js] [39m[connector-server-1] handleMessage session id: 1, msg: {"id":1,"type":0,"compressRoute":1,"route":"connector.entryHandler.entry","body":{"name":"hello"},"compressGzip":0}
[2017-02-22 00:02:48.702] [INFO] pomelo - [32m[/project/pomelo-project/landserver/game-server/node_modules/pomelo/lib/application.js] [39mapplication inited: "connector-server-1"
[2017-02-22 00:02:49.071] [INFO] pomelo - [32m[/project/pomelo-project/landserver/game-server/node_modules/pomelo/lib/application.js] [39m"connector-server-1" enter after start...
[2017-02-22 00:02:49.076] [INFO] pomelo - [32m[/project/pomelo-project/landserver/game-server/node_modules/pomelo/lib/application.js] [39m"connector-server-1" finish start
[2017-02-22 00:02:49.076] [INFO] pomelo - [32m[/project/pomelo-project/landserver/game-server/node_modules/pomelo/lib/application.js] [39m"connector-server-1" startup in 300 ms
[2017-02-22 00:02:55.262] [DEBUG] pomelo - [36m[/project/pomelo-project/landserver/game-server/node_modules/pomelo/lib/components/connector.js] [39m[connector-server-1] getSession session is created with session id: 1
[2017-02-22 00:02:55.330] [DEBUG] pomelo - [36m[/project/pomelo-project/landserver/game-server/node_modules/pomelo/lib/components/connector.js] [39m[connector-server-1] handleMessage session id: 1, msg: {"id":1,"type":0,"compressRoute":1,"route":"connector.entryHandler.entry","body":{"name":"hello"},"compressGzip":0}
[2017-02-22 00:05:45.491] [DEBUG] pomelo - [36m[/project/pomelo-project/landserver/game-server/node_modules/pomelo/lib/common/service/sessionService.js] [39msession on [connector-server-1] is closed with session id: 1
[2017-02-22 00:06:27.813] [INFO] pomelo - [32m[/project/pomelo-project/landserver/game-server/node_modules/pomelo/lib/application.js] [39mapplication inited: "connector-server-1"
[2017-02-22 00:06:28.130] [INFO] pomelo - [32m[/project/pomelo-project/landserver/game-server/node_modules/pomelo/lib/application.js] [39m"connector-server-1" enter after start...
[2017-02-22 00:06:28.134] [INFO] pomelo - [32m[/project/pomelo-project/landserver/game-server/node_modules/pomelo/lib/application.js] [39m"connector-server-1" finish start
[2017-02-22 00:06:28.134] [INFO] pomelo - [32m[/project/pomelo-project/landserver/game-server/node_modules/pomelo/lib/application.js] [39m"connector-server-1" startup in 249 ms
[2017-02-22 00:06:37.618] [DEBUG] pomelo - [36m[/project/pomelo-project/landserver/game-server/node_modules/pomelo/lib/components/connector.js] [39m[connector-server-1] getSession session is created with session id: 1
[2017-02-22 00:06:37.666] [DEBUG] pomelo - [36m[/project/pomelo-project/landserver/game-server/node_modules/pomelo/lib/components/connector.js] [39m[connector-server-1] handleMessage session id: 1, msg: {"id":1,"type":0,"compressRoute":1,"route":"connector.entryHandler.entry","body":{"name":"hello"},"compressGzip":0}
[2017-02-22 00:12:01.994] [INFO] pomelo - [32m[/project/pomelo-project/landserver/game-server/node_modules/pomelo/lib/application.js] [39mapplication inited: "connector-server-1"
[2017-02-22 00:12:02.309] [INFO] pomelo - [32m[/project/pomelo-project/landserver/game-server/node_modules/pomelo/lib/application.js] [39m"connector-server-1" enter after start...
[2017-02-22 00:12:02.312] [INFO] pomelo - [32m[/project/pomelo-project/landserver/game-server/node_modules/pomelo/lib/application.js] [39m"connector-server-1" finish start
[2017-02-22 00:12:02.313] [INFO] pomelo - [32m[/project/pomelo-project/landserver/game-server/node_modules/pomelo/lib/application.js] [39m"connector-server-1" startup in 245 ms
[2017-02-22 00:12:10.255] [DEBUG] pomelo - [36m[/project/pomelo-project/landserver/game-server/node_modules/pomelo/lib/components/connector.js] [39m[connector-server-1] getSession session is created with session id: 1
[2017-02-22 00:12:10.308] [DEBUG] pomelo - [36m[/project/pomelo-project/landserver/game-server/node_modules/pomelo/lib/components/connector.js] [39m[connector-server-1] handleMessage session id: 1, msg: {"id":1,"type":0,"compressRoute":1,"route":"connector.entryHandler.entry","body":{"name":"hello"},"compressGzip":0}
[2017-02-22 00:13:42.157] [DEBUG] pomelo - [36m[/project/pomelo-project/landserver/game-server/node_modules/pomelo/lib/common/service/sessionService.js] [39msession on [connector-server-1] is closed with session id: 1
[2017-02-22 00:17:15.037] [DEBUG] pomelo - [36m[/project/pomelo-project/landserver/game-server/node_modules/pomelo/lib/components/connector.js] [39m[connector-server-1] getSession session is created with session id: 2
[2017-02-22 00:17:15.087] [DEBUG] pomelo - [36m[/project/pomelo-project/landserver/game-server/node_modules/pomelo/lib/components/connector.js] [39m[connector-server-1] handleMessage session id: 2, msg: {"id":1,"type":0,"compressRoute":1,"route":"connector.entryHandler.entry","body":{"name":"hello"},"compressGzip":0}
[2017-02-22 00:18:05.943] [DEBUG] pomelo - [36m[/project/pomelo-project/landserver/game-server/node_modules/pomelo/lib/common/service/sessionService.js] [39msession on [connector-server-1] is closed with session id: 2
[2017-02-22 00:19:37.344] [DEBUG] pomelo - [36m[/project/pomelo-project/landserver/game-server/node_modules/pomelo/lib/components/connector.js] [39m[connector-server-1] getSession session is created with session id: 3
[2017-02-22 00:19:37.390] [DEBUG] pomelo - [36m[/project/pomelo-project/landserver/game-server/node_modules/pomelo/lib/components/connector.js] [39m[connector-server-1] handleMessage session id: 3, msg: {"id":1,"type":0,"compressRoute":1,"route":"connector.entryHandler.entry","body":{"name":"hello"},"compressGzip":0}
[2017-02-22 00:22:59.768] [DEBUG] pomelo - [36m[/project/pomelo-project/landserver/game-server/node_modules/pomelo/lib/common/service/sessionService.js] [39msession on [connector-server-1] is closed with session id: 3
[2017-02-22 00:34:10.749] [INFO] pomelo - [32m[/project/pomelo-project/landserver/game-server/node_modules/pomelo/lib/application.js] [39mapplication inited: "connector-server-1"
[2017-02-22 00:34:11.073] [INFO] pomelo - [32m[/project/pomelo-project/landserver/game-server/node_modules/pomelo/lib/application.js] [39m"connector-server-1" enter after start...
[2017-02-22 00:34:11.076] [INFO] pomelo - [32m[/project/pomelo-project/landserver/game-server/node_modules/pomelo/lib/application.js] [39m"connector-server-1" finish start
[2017-02-22 00:34:11.076] [INFO] pomelo - [32m[/project/pomelo-project/landserver/game-server/node_modules/pomelo/lib/application.js] [39m"connector-server-1" startup in 250 ms
[2017-02-22 00:34:31.157] [DEBUG] pomelo - [36m[/project/pomelo-project/landserver/game-server/node_modules/pomelo/lib/components/connector.js] [39m[connector-server-1] getSession session is created with session id: 1
[2017-02-22 00:34:31.207] [DEBUG] pomelo - [36m[/project/pomelo-project/landserver/game-server/node_modules/pomelo/lib/components/connector.js] [39m[connector-server-1] handleMessage session id: 1, msg: {"id":1,"type":0,"compressRoute":1,"route":"connector.entryHandler.entry","body":{"name":"hello"},"compressGzip":0}
[2017-02-22 00:38:43.798] [DEBUG] pomelo - [36m[/project/pomelo-project/landserver/game-server/node_modules/pomelo/lib/common/service/sessionService.js] [39msession on [connector-server-1] is closed with session id: 1
[2017-02-22 00:39:37.129] [INFO] pomelo - [32m[/project/pomelo-project/landserver/game-server/node_modules/pomelo/lib/application.js] [39mapplication inited: "connector-server-1"
[2017-02-22 00:39:37.465] [INFO] pomelo - [32m[/project/pomelo-project/landserver/game-server/node_modules/pomelo/lib/application.js] [39m"connector-server-1" enter after start...
[2017-02-22 00:39:37.468] [INFO] pomelo - [32m[/project/pomelo-project/landserver/game-server/node_modules/pomelo/lib/application.js] [39m"connector-server-1" finish start
[2017-02-22 00:39:37.468] [INFO] pomelo - [32m[/project/pomelo-project/landserver/game-server/node_modules/pomelo/lib/application.js] [39m"connector-server-1" startup in 258 ms
[2017-02-22 00:39:47.475] [DEBUG] pomelo - [36m[/project/pomelo-project/landserver/game-server/node_modules/pomelo/lib/components/connector.js] [39m[connector-server-1] getSession session is created with session id: 1
[2017-02-22 00:39:47.535] [DEBUG] pomelo - [36m[/project/pomelo-project/landserver/game-server/node_modules/pomelo/lib/components/connector.js] [39m[connector-server-1] handleMessage session id: 1, msg: {"id":1,"type":0,"compressRoute":1,"route":"connector.entryHandler.entry","body":{"name":"hello"},"compressGzip":0}
[2017-02-22 00:41:25.650] [DEBUG] pomelo - [36m[/project/pomelo-project/landserver/game-server/node_modules/pomelo/lib/common/service/sessionService.js] [39msession on [connector-server-1] is closed with session id: 1
[2017-03-12 10:50:10.018] [INFO] pomelo - [32m[/project/pomelo-project/landserver/game-server/node_modules/pomelo/lib/application.js] [39mapplication inited: "connector-server-1"
[2017-03-12 10:50:10.384] [INFO] pomelo - [32m[/project/pomelo-project/landserver/game-server/node_modules/pomelo/lib/application.js] [39m"connector-server-1" enter after start...
[2017-03-12 10:50:10.387] [INFO] pomelo - [32m[/project/pomelo-project/landserver/game-server/node_modules/pomelo/lib/application.js] [39m"connector-server-1" finish start
[2017-03-12 10:50:10.387] [INFO] pomelo - [32m[/project/pomelo-project/landserver/game-server/node_modules/pomelo/lib/application.js] [39m"connector-server-1" startup in 282 ms
[2017-03-12 10:50:18.385] [DEBUG] pomelo - [36m[/project/pomelo-project/landserver/game-server/node_modules/pomelo/lib/components/connector.js] [39m[connector-server-1] getSession session is created with session id: 1
[2017-03-12 10:50:18.396] [DEBUG] pomelo - [36m[/project/pomelo-project/landserver/game-server/node_modules/pomelo/lib/components/connector.js] [39m[connector-server-1] getSession session is created with session id: 2
[2017-03-12 10:50:18.491] [DEBUG] pomelo - [36m[/project/pomelo-project/landserver/game-server/node_modules/pomelo/lib/components/connector.js] [39m[connector-server-1] handleMessage session id: 1, msg: {"id":1,"type":0,"compressRoute":0,"route":"register.registerHandler.entry","body":{"name":"hello"},"compressGzip":0}
[2017-03-12 10:50:18.494] [ERROR] pomelo - [31m[/project/pomelo-project/landserver/game-server/node_modules/pomelo/lib/server/server.js] [39mfail to forward message:TypeError: Cannot read property 'msgRemote' of undefined
    at doForward (/project/pomelo-project/landserver/game-server/node_modules/pomelo/lib/server/server.js:334:39)
    at dispatch (/project/pomelo-project/landserver/game-server/node_modules/pomelo/lib/server/server.js:103:7)
    at next (/project/pomelo-project/landserver/game-server/node_modules/pomelo/lib/common/service/filterService.js:50:7)
    at Service.beforeFilter (/project/pomelo-project/landserver/game-server/node_modules/pomelo/lib/common/service/filterService.js:65:3)
    at beforeFilter (/project/pomelo-project/landserver/game-server/node_modules/pomelo/lib/server/server.js:242:8)
    at Server.pro.globalHandle (/project/pomelo-project/landserver/game-server/node_modules/pomelo/lib/server/server.js:112:3)
    at Component.globalHandle (/project/pomelo-project/landserver/game-server/node_modules/pomelo/lib/components/server.js:74:14)
    at handleMessage (/project/pomelo-project/landserver/game-server/node_modules/pomelo/lib/components/connector.js:295:15)
    at Socket.<anonymous> (/project/pomelo-project/landserver/game-server/node_modules/pomelo/lib/components/connector.js:239:5)
    at emitOne (events.js:96:13)
[2017-03-12 10:50:18.495] [DEBUG] pomelo - [36m[/project/pomelo-project/landserver/game-server/node_modules/pomelo/lib/components/connector.js] [39m[connector-server-1] send message reqId: 1, route: register.registerHandler.entry, msg: {"code":500}, receivers: [1], opts: {"type":"response","userOptions":{},"isResponse":true}
[2017-03-12 10:50:18.497] [DEBUG] pomelo - [36m[/project/pomelo-project/landserver/game-server/node_modules/pomelo/lib/components/connector.js] [39m[connector-server-1] handleMessage session id: 2, msg: {"id":1,"type":0,"compressRoute":0,"route":"register.registerHandler.entry","body":{"name":"hello"},"compressGzip":0}
[2017-03-12 10:50:18.499] [ERROR] pomelo - [31m[/project/pomelo-project/landserver/game-server/node_modules/pomelo/lib/server/server.js] [39mfail to forward message:TypeError: Cannot read property 'msgRemote' of undefined
    at doForward (/project/pomelo-project/landserver/game-server/node_modules/pomelo/lib/server/server.js:334:39)
    at dispatch (/project/pomelo-project/landserver/game-server/node_modules/pomelo/lib/server/server.js:103:7)
    at next (/project/pomelo-project/landserver/game-server/node_modules/pomelo/lib/common/service/filterService.js:50:7)
    at Service.beforeFilter (/project/pomelo-project/landserver/game-server/node_modules/pomelo/lib/common/service/filterService.js:65:3)
    at beforeFilter (/project/pomelo-project/landserver/game-server/node_modules/pomelo/lib/server/server.js:242:8)
    at Server.pro.globalHandle (/project/pomelo-project/landserver/game-server/node_modules/pomelo/lib/server/server.js:112:3)
    at Component.globalHandle (/project/pomelo-project/landserver/game-server/node_modules/pomelo/lib/components/server.js:74:14)
    at handleMessage (/project/pomelo-project/landserver/game-server/node_modules/pomelo/lib/components/connector.js:295:15)
    at Socket.<anonymous> (/project/pomelo-project/landserver/game-server/node_modules/pomelo/lib/components/connector.js:239:5)
    at emitOne (events.js:96:13)
[2017-03-12 10:50:18.499] [DEBUG] pomelo - [36m[/project/pomelo-project/landserver/game-server/node_modules/pomelo/lib/components/connector.js] [39m[connector-server-1] send message reqId: 1, route: register.registerHandler.entry, msg: {"code":500}, receivers: [2], opts: {"type":"response","userOptions":{},"isResponse":true}
[2017-03-12 10:51:51.365] [DEBUG] pomelo - [36m[/project/pomelo-project/landserver/game-server/node_modules/pomelo/lib/common/service/sessionService.js] [39msession on [connector-server-1] is closed with session id: 1
[2017-03-12 10:51:51.367] [DEBUG] pomelo - [36m[/project/pomelo-project/landserver/game-server/node_modules/pomelo/lib/common/service/sessionService.js] [39msession on [connector-server-1] is closed with session id: 2
[2017-03-12 10:51:56.326] [DEBUG] pomelo - [36m[/project/pomelo-project/landserver/game-server/node_modules/pomelo/lib/components/connector.js] [39m[connector-server-1] getSession session is created with session id: 3
[2017-03-12 10:51:56.344] [DEBUG] pomelo - [36m[/project/pomelo-project/landserver/game-server/node_modules/pomelo/lib/components/connector.js] [39m[connector-server-1] getSession session is created with session id: 4
[2017-03-12 10:51:56.414] [DEBUG] pomelo - [36m[/project/pomelo-project/landserver/game-server/node_modules/pomelo/lib/components/connector.js] [39m[connector-server-1] handleMessage session id: 4, msg: {"id":1,"type":0,"compressRoute":1,"route":"connector.entryHandler.entry","body":{"name":"hello"},"compressGzip":0}
[2017-03-12 10:51:56.504] [DEBUG] pomelo - [36m[/project/pomelo-project/landserver/game-server/node_modules/pomelo/lib/components/connector.js] [39m[connector-server-1] handleMessage session id: 3, msg: {"id":1,"type":0,"compressRoute":1,"route":"connector.entryHandler.entry","body":{"name":"hello"},"compressGzip":0}
[2017-03-12 10:52:10.850] [DEBUG] pomelo - [36m[/project/pomelo-project/landserver/game-server/node_modules/pomelo/lib/common/service/sessionService.js] [39msession on [connector-server-1] is closed with session id: 4
[2017-03-12 10:52:10.855] [DEBUG] pomelo - [36m[/project/pomelo-project/landserver/game-server/node_modules/pomelo/lib/common/service/sessionService.js] [39msession on [connector-server-1] is closed with session id: 3
[2017-03-12 10:52:12.096] [DEBUG] pomelo - [36m[/project/pomelo-project/landserver/game-server/node_modules/pomelo/lib/components/connector.js] [39m[connector-server-1] getSession session is created with session id: 5
[2017-03-12 10:52:12.114] [DEBUG] pomelo - [36m[/project/pomelo-project/landserver/game-server/node_modules/pomelo/lib/components/connector.js] [39m[connector-server-1] getSession session is created with session id: 6
[2017-03-12 10:52:12.178] [DEBUG] pomelo - [36m[/project/pomelo-project/landserver/game-server/node_modules/pomelo/lib/components/connector.js] [39m[connector-server-1] handleMessage session id: 5, msg: {"id":1,"type":0,"compressRoute":1,"route":"connector.entryHandler.entry","body":{"name":"hello"},"compressGzip":0}
[2017-03-12 10:52:12.179] [DEBUG] pomelo - [36m[/project/pomelo-project/landserver/game-server/node_modules/pomelo/lib/components/connector.js] [39m[connector-server-1] handleMessage session id: 6, msg: {"id":1,"type":0,"compressRoute":1,"route":"connector.entryHandler.entry","body":{"name":"hello"},"compressGzip":0}
[2017-03-12 10:53:20.170] [DEBUG] pomelo - [36m[/project/pomelo-project/landserver/game-server/node_modules/pomelo/lib/common/service/sessionService.js] [39msession on [connector-server-1] is closed with session id: 5
[2017-03-12 10:53:20.175] [DEBUG] pomelo - [36m[/project/pomelo-project/landserver/game-server/node_modules/pomelo/lib/common/service/sessionService.js] [39msession on [connector-server-1] is closed with session id: 6
[2017-03-12 10:53:21.628] [DEBUG] pomelo - [36m[/project/pomelo-project/landserver/game-server/node_modules/pomelo/lib/components/connector.js] [39m[connector-server-1] getSession session is created with session id: 7
[2017-03-12 10:53:21.647] [DEBUG] pomelo - [36m[/project/pomelo-project/landserver/game-server/node_modules/pomelo/lib/components/connector.js] [39m[connector-server-1] getSession session is created with session id: 8
[2017-03-12 10:53:21.706] [DEBUG] pomelo - [36m[/project/pomelo-project/landserver/game-server/node_modules/pomelo/lib/components/connector.js] [39m[connector-server-1] handleMessage session id: 7, msg: {"id":1,"type":0,"compressRoute":0,"route":"register.registerHandler.entry","body":{"name":"hello"},"compressGzip":0}
[2017-03-12 10:53:21.707] [ERROR] pomelo - [31m[/project/pomelo-project/landserver/game-server/node_modules/pomelo/lib/server/server.js] [39mfail to forward message:TypeError: Cannot read property 'msgRemote' of undefined
    at doForward (/project/pomelo-project/landserver/game-server/node_modules/pomelo/lib/server/server.js:334:39)
    at dispatch (/project/pomelo-project/landserver/game-server/node_modules/pomelo/lib/server/server.js:103:7)
    at next (/project/pomelo-project/landserver/game-server/node_modules/pomelo/lib/common/service/filterService.js:50:7)
    at Service.beforeFilter (/project/pomelo-project/landserver/game-server/node_modules/pomelo/lib/common/service/filterService.js:65:3)
    at beforeFilter (/project/pomelo-project/landserver/game-server/node_modules/pomelo/lib/server/server.js:242:8)
    at Server.pro.globalHandle (/project/pomelo-project/landserver/game-server/node_modules/pomelo/lib/server/server.js:112:3)
    at Component.globalHandle (/project/pomelo-project/landserver/game-server/node_modules/pomelo/lib/components/server.js:74:14)
    at handleMessage (/project/pomelo-project/landserver/game-server/node_modules/pomelo/lib/components/connector.js:295:15)
    at Socket.<anonymous> (/project/pomelo-project/landserver/game-server/node_modules/pomelo/lib/components/connector.js:239:5)
    at emitOne (events.js:96:13)
[2017-03-12 10:53:21.709] [DEBUG] pomelo - [36m[/project/pomelo-project/landserver/game-server/node_modules/pomelo/lib/components/connector.js] [39m[connector-server-1] send message reqId: 1, route: register.registerHandler.entry, msg: {"code":500}, receivers: [7], opts: {"type":"response","userOptions":{},"isResponse":true}
[2017-03-12 10:53:21.712] [DEBUG] pomelo - [36m[/project/pomelo-project/landserver/game-server/node_modules/pomelo/lib/components/connector.js] [39m[connector-server-1] handleMessage session id: 8, msg: {"id":1,"type":0,"compressRoute":0,"route":"register.registerHandler.entry","body":{"name":"hello"},"compressGzip":0}
[2017-03-12 10:53:21.713] [ERROR] pomelo - [31m[/project/pomelo-project/landserver/game-server/node_modules/pomelo/lib/server/server.js] [39mfail to forward message:TypeError: Cannot read property 'msgRemote' of undefined
    at doForward (/project/pomelo-project/landserver/game-server/node_modules/pomelo/lib/server/server.js:334:39)
    at dispatch (/project/pomelo-project/landserver/game-server/node_modules/pomelo/lib/server/server.js:103:7)
    at next (/project/pomelo-project/landserver/game-server/node_modules/pomelo/lib/common/service/filterService.js:50:7)
    at Service.beforeFilter (/project/pomelo-project/landserver/game-server/node_modules/pomelo/lib/common/service/filterService.js:65:3)
    at beforeFilter (/project/pomelo-project/landserver/game-server/node_modules/pomelo/lib/server/server.js:242:8)
    at Server.pro.globalHandle (/project/pomelo-project/landserver/game-server/node_modules/pomelo/lib/server/server.js:112:3)
    at Component.globalHandle (/project/pomelo-project/landserver/game-server/node_modules/pomelo/lib/components/server.js:74:14)
    at handleMessage (/project/pomelo-project/landserver/game-server/node_modules/pomelo/lib/components/connector.js:295:15)
    at Socket.<anonymous> (/project/pomelo-project/landserver/game-server/node_modules/pomelo/lib/components/connector.js:239:5)
    at emitOne (events.js:96:13)
[2017-03-12 10:53:21.715] [DEBUG] pomelo - [36m[/project/pomelo-project/landserver/game-server/node_modules/pomelo/lib/components/connector.js] [39m[connector-server-1] send message reqId: 1, route: register.registerHandler.entry, msg: {"code":500}, receivers: [8], opts: {"type":"response","userOptions":{},"isResponse":true}
[2017-03-12 10:54:27.086] [DEBUG] pomelo - [36m[/project/pomelo-project/landserver/game-server/node_modules/pomelo/lib/common/service/sessionService.js] [39msession on [connector-server-1] is closed with session id: 7
[2017-03-12 10:54:27.086] [DEBUG] pomelo - [36m[/project/pomelo-project/landserver/game-server/node_modules/pomelo/lib/common/service/sessionService.js] [39msession on [connector-server-1] is closed with session id: 8
[2017-03-12 11:03:00.573] [INFO] pomelo - [32m[/project/pomelo-project/landserver/game-server/node_modules/pomelo/lib/application.js] [39mapplication inited: "connector-server-1"
[2017-03-12 11:03:00.939] [INFO] pomelo - [32m[/project/pomelo-project/landserver/game-server/node_modules/pomelo/lib/application.js] [39m"connector-server-1" enter after start...
[2017-03-12 11:03:00.943] [INFO] pomelo - [32m[/project/pomelo-project/landserver/game-server/node_modules/pomelo/lib/application.js] [39m"connector-server-1" finish start
[2017-03-12 11:03:00.943] [INFO] pomelo - [32m[/project/pomelo-project/landserver/game-server/node_modules/pomelo/lib/application.js] [39m"connector-server-1" startup in 289 ms
[2017-03-12 11:04:27.803] [INFO] pomelo - [32m[/project/pomelo-project/landserver/game-server/node_modules/pomelo/lib/application.js] [39mapplication inited: "connector-server-1"
[2017-03-12 11:04:28.164] [INFO] pomelo - [32m[/project/pomelo-project/landserver/game-server/node_modules/pomelo/lib/application.js] [39m"connector-server-1" enter after start...
[2017-03-12 11:04:28.167] [INFO] pomelo - [32m[/project/pomelo-project/landserver/game-server/node_modules/pomelo/lib/application.js] [39m"connector-server-1" finish start
[2017-03-12 11:04:28.168] [INFO] pomelo - [32m[/project/pomelo-project/landserver/game-server/node_modules/pomelo/lib/application.js] [39m"connector-server-1" startup in 283 ms
[2017-03-12 11:37:46.984] [INFO] pomelo - [32m[/project/pomelo-project/landserver/game-server/node_modules/pomelo/lib/application.js] [39mapplication inited: "connector-server-1"
[2017-03-12 11:37:47.277] [INFO] pomelo - [32m[/project/pomelo-project/landserver/game-server/node_modules/pomelo/lib/application.js] [39m"connector-server-1" enter after start...
[2017-03-12 11:37:47.282] [INFO] pomelo - [32m[/project/pomelo-project/landserver/game-server/node_modules/pomelo/lib/application.js] [39m"connector-server-1" finish start
[2017-03-12 11:37:47.282] [INFO] pomelo - [32m[/project/pomelo-project/landserver/game-server/node_modules/pomelo/lib/application.js] [39m"connector-server-1" startup in 291 ms
[2017-03-12 11:59:12.755] [INFO] pomelo - [32m[/project/pomelo-project/landserver/game-server/node_modules/pomelo/lib/application.js] [39mapplication inited: "connector-server-1"
[2017-03-12 11:59:13.140] [INFO] pomelo - [32m[/project/pomelo-project/landserver/game-server/node_modules/pomelo/lib/application.js] [39m"connector-server-1" enter after start...
[2017-03-12 11:59:13.145] [INFO] pomelo - [32m[/project/pomelo-project/landserver/game-server/node_modules/pomelo/lib/application.js] [39m"connector-server-1" finish start
[2017-03-12 11:59:13.146] [INFO] pomelo - [32m[/project/pomelo-project/landserver/game-server/node_modules/pomelo/lib/application.js] [39m"connector-server-1" startup in 304 ms
[2017-03-12 11:59:45.984] [DEBUG] pomelo - [36m[/project/pomelo-project/landserver/game-server/node_modules/pomelo/lib/components/connector.js] [39m[connector-server-1] getSession session is created with session id: 1
[2017-03-12 11:59:45.996] [DEBUG] pomelo - [36m[/project/pomelo-project/landserver/game-server/node_modules/pomelo/lib/components/connector.js] [39m[connector-server-1] getSession session is created with session id: 2
[2017-03-12 11:59:46.086] [DEBUG] pomelo - [36m[/project/pomelo-project/landserver/game-server/node_modules/pomelo/lib/components/connector.js] [39m[connector-server-1] handleMessage session id: 1, msg: {"id":1,"type":0,"compressRoute":1,"route":"connector.entryHandler.entry","body":{"name":"hello"},"compressGzip":0}
[2017-03-12 11:59:46.170] [DEBUG] pomelo - [36m[/project/pomelo-project/landserver/game-server/node_modules/pomelo/lib/components/connector.js] [39m[connector-server-1] handleMessage session id: 2, msg: {"id":1,"type":0,"compressRoute":1,"route":"connector.entryHandler.entry","body":{"name":"hello"},"compressGzip":0}
[2017-03-12 12:01:22.398] [INFO] pomelo - [32m[/project/pomelo-project/landserver/game-server/node_modules/pomelo/lib/application.js] [39mapplication inited: "connector-server-1"
[2017-03-12 12:01:22.762] [INFO] pomelo - [32m[/project/pomelo-project/landserver/game-server/node_modules/pomelo/lib/application.js] [39m"connector-server-1" enter after start...
[2017-03-12 12:01:22.765] [INFO] pomelo - [32m[/project/pomelo-project/landserver/game-server/node_modules/pomelo/lib/application.js] [39m"connector-server-1" finish start
[2017-03-12 12:01:22.766] [INFO] pomelo - [32m[/project/pomelo-project/landserver/game-server/node_modules/pomelo/lib/application.js] [39m"connector-server-1" startup in 282 ms
[2017-03-12 12:04:22.158] [INFO] pomelo - [32m[/project/pomelo-project/landserver/game-server/node_modules/pomelo/lib/application.js] [39mapplication inited: "connector-server-1"
[2017-03-12 12:04:22.530] [INFO] pomelo - [32m[/project/pomelo-project/landserver/game-server/node_modules/pomelo/lib/application.js] [39m"connector-server-1" enter after start...
[2017-03-12 12:04:22.535] [INFO] pomelo - [32m[/project/pomelo-project/landserver/game-server/node_modules/pomelo/lib/application.js] [39m"connector-server-1" finish start
[2017-03-12 12:04:22.535] [INFO] pomelo - [32m[/project/pomelo-project/landserver/game-server/node_modules/pomelo/lib/application.js] [39m"connector-server-1" startup in 299 ms
[2017-03-12 12:14:24.801] [INFO] pomelo - [32m[/project/pomelo-project/landserver/game-server/node_modules/pomelo/lib/application.js] [39mapplication inited: "connector-server-1"
[2017-03-12 12:14:25.140] [INFO] pomelo - [32m[/project/pomelo-project/landserver/game-server/node_modules/pomelo/lib/application.js] [39m"connector-server-1" enter after start...
[2017-03-12 12:14:25.144] [INFO] pomelo - [32m[/project/pomelo-project/landserver/game-server/node_modules/pomelo/lib/application.js] [39m"connector-server-1" finish start
[2017-03-12 12:14:25.144] [INFO] pomelo - [32m[/project/pomelo-project/landserver/game-server/node_modules/pomelo/lib/application.js] [39m"connector-server-1" startup in 268 ms
[2017-03-12 12:15:10.935] [INFO] pomelo - [32m[/project/pomelo-project/landserver/game-server/node_modules/pomelo/lib/application.js] [39mapplication inited: "connector-server-1"
[2017-03-12 12:15:11.250] [INFO] pomelo - [32m[/project/pomelo-project/landserver/game-server/node_modules/pomelo/lib/application.js] [39m"connector-server-1" enter after start...
[2017-03-12 12:15:11.253] [INFO] pomelo - [32m[/project/pomelo-project/landserver/game-server/node_modules/pomelo/lib/application.js] [39m"connector-server-1" finish start
[2017-03-12 12:15:11.254] [INFO] pomelo - [32m[/project/pomelo-project/landserver/game-server/node_modules/pomelo/lib/application.js] [39m"connector-server-1" startup in 250 ms
[2017-03-12 12:15:50.214] [INFO] pomelo - [32m[/project/pomelo-project/landserver/game-server/node_modules/pomelo/lib/application.js] [39mapplication inited: "connector-server-1"
[2017-03-12 12:15:50.514] [INFO] pomelo - [32m[/project/pomelo-project/landserver/game-server/node_modules/pomelo/lib/application.js] [39m"connector-server-1" enter after start...
[2017-03-12 12:15:50.517] [INFO] pomelo - [32m[/project/pomelo-project/landserver/game-server/node_modules/pomelo/lib/application.js] [39m"connector-server-1" finish start
[2017-03-12 12:15:50.518] [INFO] pomelo - [32m[/project/pomelo-project/landserver/game-server/node_modules/pomelo/lib/application.js] [39m"connector-server-1" startup in 241 ms
[2017-03-12 12:19:10.703] [INFO] pomelo - [32m[/project/pomelo-project/landserver/game-server/node_modules/pomelo/lib/application.js] [39mapplication inited: "connector-server-1"
[2017-03-12 12:19:11.004] [INFO] pomelo - [32m[/project/pomelo-project/landserver/game-server/node_modules/pomelo/lib/application.js] [39m"connector-server-1" enter after start...
[2017-03-12 12:19:11.007] [INFO] pomelo - [32m[/project/pomelo-project/landserver/game-server/node_modules/pomelo/lib/application.js] [39m"connector-server-1" finish start
[2017-03-12 12:19:11.008] [INFO] pomelo - [32m[/project/pomelo-project/landserver/game-server/node_modules/pomelo/lib/application.js] [39m"connector-server-1" startup in 241 ms
[2017-03-12 12:20:26.712] [INFO] pomelo - [32m[/project/pomelo-project/landserver/game-server/node_modules/pomelo/lib/application.js] [39mapplication inited: "connector-server-1"
[2017-03-12 12:20:27.015] [INFO] pomelo - [32m[/project/pomelo-project/landserver/game-server/node_modules/pomelo/lib/application.js] [39m"connector-server-1" enter after start...
[2017-03-12 12:20:27.018] [INFO] pomelo - [32m[/project/pomelo-project/landserver/game-server/node_modules/pomelo/lib/application.js] [39m"connector-server-1" finish start
[2017-03-12 12:20:27.018] [INFO] pomelo - [32m[/project/pomelo-project/landserver/game-server/node_modules/pomelo/lib/application.js] [39m"connector-server-1" startup in 242 ms
[2017-03-12 12:29:31.467] [INFO] pomelo - [32m[/project/pomelo-project/landserver/game-server/node_modules/pomelo/lib/application.js] [39mapplication inited: "connector-server-1"
[2017-03-12 12:29:31.821] [INFO] pomelo - [32m[/project/pomelo-project/landserver/game-server/node_modules/pomelo/lib/application.js] [39m"connector-server-1" enter after start...
[2017-03-12 12:29:31.824] [INFO] pomelo - [32m[/project/pomelo-project/landserver/game-server/node_modules/pomelo/lib/application.js] [39m"connector-server-1" finish start
[2017-03-12 12:29:31.825] [INFO] pomelo - [32m[/project/pomelo-project/landserver/game-server/node_modules/pomelo/lib/application.js] [39m"connector-server-1" startup in 275 ms
[2017-03-12 12:33:56.869] [INFO] pomelo - [32m[/project/pomelo-project/landserver/game-server/node_modules/pomelo/lib/application.js] [39mapplication inited: "connector-server-1"
[2017-03-12 12:33:57.175] [INFO] pomelo - [32m[/project/pomelo-project/landserver/game-server/node_modules/pomelo/lib/application.js] [39m"connector-server-1" enter after start...
[2017-03-12 12:33:57.179] [INFO] pomelo - [32m[/project/pomelo-project/landserver/game-server/node_modules/pomelo/lib/application.js] [39m"connector-server-1" finish start
[2017-03-12 12:33:57.179] [INFO] pomelo - [32m[/project/pomelo-project/landserver/game-server/node_modules/pomelo/lib/application.js] [39m"connector-server-1" startup in 247 ms
[2017-03-12 12:43:14.642] [INFO] pomelo - [32m[/project/pomelo-project/landserver/game-server/node_modules/pomelo/lib/application.js] [39mapplication inited: "connector-server-1"
[2017-03-12 12:43:14.996] [INFO] pomelo - [32m[/project/pomelo-project/landserver/game-server/node_modules/pomelo/lib/application.js] [39m"connector-server-1" enter after start...
[2017-03-12 12:43:14.999] [INFO] pomelo - [32m[/project/pomelo-project/landserver/game-server/node_modules/pomelo/lib/application.js] [39m"connector-server-1" finish start
[2017-03-12 12:43:14.999] [INFO] pomelo - [32m[/project/pomelo-project/landserver/game-server/node_modules/pomelo/lib/application.js] [39m"connector-server-1" startup in 284 ms
[2017-03-12 12:43:24.882] [DEBUG] pomelo - [36m[/project/pomelo-project/landserver/game-server/node_modules/pomelo/lib/components/connector.js] [39m[connector-server-1] getSession session is created with session id: 1
[2017-03-12 12:43:24.895] [DEBUG] pomelo - [36m[/project/pomelo-project/landserver/game-server/node_modules/pomelo/lib/components/connector.js] [39m[connector-server-1] getSession session is created with session id: 2
[2017-03-12 12:43:24.986] [DEBUG] pomelo - [36m[/project/pomelo-project/landserver/game-server/node_modules/pomelo/lib/components/connector.js] [39m[connector-server-1] handleMessage session id: 1, msg: {"id":1,"type":0,"compressRoute":1,"route":"connector.entryHandler.entry","body":{"name":"hello"},"compressGzip":0}
[2017-03-12 12:43:25.077] [DEBUG] pomelo - [36m[/project/pomelo-project/landserver/game-server/node_modules/pomelo/lib/components/connector.js] [39m[connector-server-1] handleMessage session id: 2, msg: {"id":1,"type":0,"compressRoute":1,"route":"connector.entryHandler.entry","body":{"name":"hello"},"compressGzip":0}
[2017-03-12 12:43:52.686] [DEBUG] pomelo - [36m[/project/pomelo-project/landserver/game-server/node_modules/pomelo/lib/common/service/sessionService.js] [39msession on [connector-server-1] is closed with session id: 2
[2017-03-12 12:43:52.687] [DEBUG] pomelo - [36m[/project/pomelo-project/landserver/game-server/node_modules/pomelo/lib/common/service/sessionService.js] [39msession on [connector-server-1] is closed with session id: 1
[2017-03-12 12:43:54.233] [DEBUG] pomelo - [36m[/project/pomelo-project/landserver/game-server/node_modules/pomelo/lib/components/connector.js] [39m[connector-server-1] getSession session is created with session id: 3
[2017-03-12 12:43:54.250] [DEBUG] pomelo - [36m[/project/pomelo-project/landserver/game-server/node_modules/pomelo/lib/components/connector.js] [39m[connector-server-1] getSession session is created with session id: 4
[2017-03-12 12:43:54.328] [DEBUG] pomelo - [36m[/project/pomelo-project/landserver/game-server/node_modules/pomelo/lib/components/connector.js] [39m[connector-server-1] handleMessage session id: 4, msg: {"id":1,"type":0,"compressRoute":1,"route":"register.registerHandler.entry","body":{"name":"hello"},"compressGzip":0}
[2017-03-12 12:43:54.332] [ERROR] pomelo - [31m[/project/pomelo-project/landserver/game-server/node_modules/pomelo/lib/server/server.js] [39mfail to forward message:TypeError: Cannot read property 'msgRemote' of undefined
    at doForward (/project/pomelo-project/landserver/game-server/node_modules/pomelo/lib/server/server.js:334:39)
    at dispatch (/project/pomelo-project/landserver/game-server/node_modules/pomelo/lib/server/server.js:103:7)
    at next (/project/pomelo-project/landserver/game-server/node_modules/pomelo/lib/common/service/filterService.js:50:7)
    at Service.beforeFilter (/project/pomelo-project/landserver/game-server/node_modules/pomelo/lib/common/service/filterService.js:65:3)
    at beforeFilter (/project/pomelo-project/landserver/game-server/node_modules/pomelo/lib/server/server.js:242:8)
    at Server.pro.globalHandle (/project/pomelo-project/landserver/game-server/node_modules/pomelo/lib/server/server.js:112:3)
    at Component.globalHandle (/project/pomelo-project/landserver/game-server/node_modules/pomelo/lib/components/server.js:74:14)
    at handleMessage (/project/pomelo-project/landserver/game-server/node_modules/pomelo/lib/components/connector.js:295:15)
    at Socket.<anonymous> (/project/pomelo-project/landserver/game-server/node_modules/pomelo/lib/components/connector.js:239:5)
    at emitOne (events.js:96:13)
[2017-03-12 12:43:54.332] [DEBUG] pomelo - [36m[/project/pomelo-project/landserver/game-server/node_modules/pomelo/lib/components/connector.js] [39m[connector-server-1] send message reqId: 1, route: register.registerHandler.entry, msg: {"code":500}, receivers: [4], opts: {"type":"response","userOptions":{},"isResponse":true}
[2017-03-12 12:43:54.334] [DEBUG] pomelo - [36m[/project/pomelo-project/landserver/game-server/node_modules/pomelo/lib/components/connector.js] [39m[connector-server-1] handleMessage session id: 3, msg: {"id":1,"type":0,"compressRoute":1,"route":"register.registerHandler.entry","body":{"name":"hello"},"compressGzip":0}
[2017-03-12 12:43:54.335] [ERROR] pomelo - [31m[/project/pomelo-project/landserver/game-server/node_modules/pomelo/lib/server/server.js] [39mfail to forward message:TypeError: Cannot read property 'msgRemote' of undefined
    at doForward (/project/pomelo-project/landserver/game-server/node_modules/pomelo/lib/server/server.js:334:39)
    at dispatch (/project/pomelo-project/landserver/game-server/node_modules/pomelo/lib/server/server.js:103:7)
    at next (/project/pomelo-project/landserver/game-server/node_modules/pomelo/lib/common/service/filterService.js:50:7)
    at Service.beforeFilter (/project/pomelo-project/landserver/game-server/node_modules/pomelo/lib/common/service/filterService.js:65:3)
    at beforeFilter (/project/pomelo-project/landserver/game-server/node_modules/pomelo/lib/server/server.js:242:8)
    at Server.pro.globalHandle (/project/pomelo-project/landserver/game-server/node_modules/pomelo/lib/server/server.js:112:3)
    at Component.globalHandle (/project/pomelo-project/landserver/game-server/node_modules/pomelo/lib/components/server.js:74:14)
    at handleMessage (/project/pomelo-project/landserver/game-server/node_modules/pomelo/lib/components/connector.js:295:15)
    at Socket.<anonymous> (/project/pomelo-project/landserver/game-server/node_modules/pomelo/lib/components/connector.js:239:5)
    at emitOne (events.js:96:13)
[2017-03-12 12:43:54.336] [DEBUG] pomelo - [36m[/project/pomelo-project/landserver/game-server/node_modules/pomelo/lib/components/connector.js] [39m[connector-server-1] send message reqId: 1, route: register.registerHandler.entry, msg: {"code":500}, receivers: [3], opts: {"type":"response","userOptions":{},"isResponse":true}
[2017-03-12 12:46:08.070] [DEBUG] pomelo - [36m[/project/pomelo-project/landserver/game-server/node_modules/pomelo/lib/common/service/sessionService.js] [39msession on [connector-server-1] is closed with session id: 3
[2017-03-12 12:46:08.071] [DEBUG] pomelo - [36m[/project/pomelo-project/landserver/game-server/node_modules/pomelo/lib/common/service/sessionService.js] [39msession on [connector-server-1] is closed with session id: 4
[2017-03-12 12:48:15.212] [INFO] pomelo - [32m[/project/pomelo-project/landserver/game-server/node_modules/pomelo/lib/application.js] [39mapplication inited: "connector-server-1"
[2017-03-12 12:48:15.590] [INFO] pomelo - [32m[/project/pomelo-project/landserver/game-server/node_modules/pomelo/lib/application.js] [39m"connector-server-1" enter after start...
[2017-03-12 12:48:15.593] [INFO] pomelo - [32m[/project/pomelo-project/landserver/game-server/node_modules/pomelo/lib/application.js] [39m"connector-server-1" finish start
[2017-03-12 12:48:15.593] [INFO] pomelo - [32m[/project/pomelo-project/landserver/game-server/node_modules/pomelo/lib/application.js] [39m"connector-server-1" startup in 296 ms
[2017-03-12 12:51:11.706] [INFO] pomelo - [32m[/project/pomelo-project/landserver/game-server/node_modules/pomelo/lib/application.js] [39mapplication inited: "connector-server-1"
[2017-03-12 12:51:12.053] [INFO] pomelo - [32m[/project/pomelo-project/landserver/game-server/node_modules/pomelo/lib/application.js] [39m"connector-server-1" enter after start...
[2017-03-12 12:51:12.056] [INFO] pomelo - [32m[/project/pomelo-project/landserver/game-server/node_modules/pomelo/lib/application.js] [39m"connector-server-1" finish start
[2017-03-12 12:51:12.057] [INFO] pomelo - [32m[/project/pomelo-project/landserver/game-server/node_modules/pomelo/lib/application.js] [39m"connector-server-1" startup in 268 ms
[2017-03-12 12:53:52.915] [INFO] pomelo - [32m[/project/pomelo-project/landserver/game-server/node_modules/pomelo/lib/application.js] [39mapplication inited: "connector-server-1"
[2017-03-12 12:53:53.269] [INFO] pomelo - [32m[/project/pomelo-project/landserver/game-server/node_modules/pomelo/lib/application.js] [39m"connector-server-1" enter after start...
[2017-03-12 12:53:53.275] [INFO] pomelo - [32m[/project/pomelo-project/landserver/game-server/node_modules/pomelo/lib/application.js] [39m"connector-server-1" finish start
[2017-03-12 12:53:53.275] [INFO] pomelo - [32m[/project/pomelo-project/landserver/game-server/node_modules/pomelo/lib/application.js] [39m"connector-server-1" startup in 284 ms
[2017-03-12 12:56:03.546] [INFO] pomelo - [32m[/project/pomelo-project/landserver/game-server/node_modules/pomelo/lib/application.js] [39mapplication inited: "connector-server-1"
[2017-03-12 12:56:03.908] [INFO] pomelo - [32m[/project/pomelo-project/landserver/game-server/node_modules/pomelo/lib/application.js] [39m"connector-server-1" enter after start...
[2017-03-12 12:56:03.913] [INFO] pomelo - [32m[/project/pomelo-project/landserver/game-server/node_modules/pomelo/lib/application.js] [39m"connector-server-1" finish start
[2017-03-12 12:56:03.913] [INFO] pomelo - [32m[/project/pomelo-project/landserver/game-server/node_modules/pomelo/lib/application.js] [39m"connector-server-1" startup in 293 ms
[2017-03-12 12:57:53.917] [INFO] pomelo - [32m[/project/pomelo-project/landserver/game-server/node_modules/pomelo/lib/application.js] [39mapplication inited: "connector-server-1"
[2017-03-12 12:57:54.274] [INFO] pomelo - [32m[/project/pomelo-project/landserver/game-server/node_modules/pomelo/lib/application.js] [39m"connector-server-1" enter after start...
[2017-03-12 12:57:54.279] [INFO] pomelo - [32m[/project/pomelo-project/landserver/game-server/node_modules/pomelo/lib/application.js] [39m"connector-server-1" finish start
[2017-03-12 12:57:54.279] [INFO] pomelo - [32m[/project/pomelo-project/landserver/game-server/node_modules/pomelo/lib/application.js] [39m"connector-server-1" startup in 286 ms
[2017-03-12 12:59:13.055] [INFO] pomelo - [32m[/project/pomelo-project/landserver/game-server/node_modules/pomelo/lib/application.js] [39mapplication inited: "connector-server-1"
[2017-03-12 12:59:13.377] [INFO] pomelo - [32m[/project/pomelo-project/landserver/game-server/node_modules/pomelo/lib/application.js] [39m"connector-server-1" enter after start...
[2017-03-12 12:59:13.385] [INFO] pomelo - [32m[/project/pomelo-project/landserver/game-server/node_modules/pomelo/lib/application.js] [39m"connector-server-1" finish start
[2017-03-12 12:59:13.385] [INFO] pomelo - [32m[/project/pomelo-project/landserver/game-server/node_modules/pomelo/lib/application.js] [39m"connector-server-1" startup in 271 ms
[2017-03-12 13:00:04.230] [INFO] pomelo - [32m[/project/pomelo-project/landserver/game-server/node_modules/pomelo/lib/application.js] [39mapplication inited: "connector-server-1"
[2017-03-12 13:00:04.569] [INFO] pomelo - [32m[/project/pomelo-project/landserver/game-server/node_modules/pomelo/lib/application.js] [39m"connector-server-1" enter after start...
[2017-03-12 13:00:04.573] [INFO] pomelo - [32m[/project/pomelo-project/landserver/game-server/node_modules/pomelo/lib/application.js] [39m"connector-server-1" finish start
[2017-03-12 13:00:04.573] [INFO] pomelo - [32m[/project/pomelo-project/landserver/game-server/node_modules/pomelo/lib/application.js] [39m"connector-server-1" startup in 266 ms
[2017-03-12 13:35:34.928] [INFO] pomelo - [32m[/project/pomelo-project/landserver/game-server/node_modules/pomelo/lib/components/protobuf.js] [39mchange proto file , type : "client", path : "/project/pomelo-project/landserver/game-server/config/clientProtos.json", version : "xT9OvpsqULwrUv2IpdUD4Q=="
[2017-03-12 13:35:34.966] [INFO] pomelo - [32m[/project/pomelo-project/landserver/game-server/node_modules/pomelo/lib/components/protobuf.js] [39mchange proto file , type : "server", path : "/project/pomelo-project/landserver/game-server/config/serverProtos.json", version : "xT9OvpsqULwrUv2IpdUD4Q=="
[2017-03-12 13:36:02.895] [INFO] pomelo - [32m[/project/pomelo-project/landserver/game-server/node_modules/pomelo/lib/components/protobuf.js] [39mchange proto file , type : "client", path : "/project/pomelo-project/landserver/game-server/config/clientProtos.json", version : "xT9OvpsqULwrUv2IpdUD4Q=="
[2017-03-12 13:36:02.896] [INFO] pomelo - [32m[/project/pomelo-project/landserver/game-server/node_modules/pomelo/lib/components/protobuf.js] [39mchange proto file , type : "server", path : "/project/pomelo-project/landserver/game-server/config/serverProtos.json", version : "xT9OvpsqULwrUv2IpdUD4Q=="
[2017-03-12 13:42:55.756] [INFO] pomelo - [32m[/project/pomelo-project/landserver/game-server/node_modules/pomelo/lib/components/protobuf.js] [39mchange proto file , type : "client", path : "/project/pomelo-project/landserver/game-server/config/clientProtos.json", version : "xT9OvpsqULwrUv2IpdUD4Q=="
[2017-03-12 13:42:55.787] [INFO] pomelo - [32m[/project/pomelo-project/landserver/game-server/node_modules/pomelo/lib/components/protobuf.js] [39mchange proto file , type : "server", path : "/project/pomelo-project/landserver/game-server/config/serverProtos.json", version : "xT9OvpsqULwrUv2IpdUD4Q=="
